<?xml version="1.0" encoding="UTF-8"?>
<testsuite name="me.jaga.arcexl.kafka.dao.StockPriceDAOTest" tests="1" skipped="0" failures="0" errors="0" timestamp="2020-06-02T20:03:16" hostname="jaga-Lenovo-Legion-Y540-15IRH-PG0" time="47.978">
  <properties/>
  <testcase name="testSelect()" classname="me.jaga.arcexl.kafka.dao.StockPriceDAOTest" time="47.978"/>
  <system-out><![CDATA[01:33:14.029 [Test worker] DEBUG org.springframework.test.context.BootstrapUtils - Instantiating CacheAwareContextLoaderDelegate from class [org.springframework.test.context.cache.DefaultCacheAwareContextLoaderDelegate]
01:33:14.043 [Test worker] DEBUG org.springframework.test.context.BootstrapUtils - Instantiating BootstrapContext using constructor [public org.springframework.test.context.support.DefaultBootstrapContext(java.lang.Class,org.springframework.test.context.CacheAwareContextLoaderDelegate)]
01:33:14.063 [Test worker] DEBUG org.springframework.test.context.BootstrapUtils - Instantiating TestContextBootstrapper for test class [me.jaga.arcexl.kafka.dao.StockPriceDAOTest] from class [org.springframework.boot.test.context.SpringBootTestContextBootstrapper]
01:33:14.075 [Test worker] INFO org.springframework.boot.test.context.SpringBootTestContextBootstrapper - Neither @ContextConfiguration nor @ContextHierarchy found for test class [me.jaga.arcexl.kafka.dao.StockPriceDAOTest], using SpringBootContextLoader
01:33:14.079 [Test worker] DEBUG org.springframework.test.context.support.AbstractContextLoader - Did not detect default resource location for test class [me.jaga.arcexl.kafka.dao.StockPriceDAOTest]: class path resource [me/jaga/arcexl/kafka/dao/StockPriceDAOTest-context.xml] does not exist
01:33:14.079 [Test worker] DEBUG org.springframework.test.context.support.AbstractContextLoader - Did not detect default resource location for test class [me.jaga.arcexl.kafka.dao.StockPriceDAOTest]: class path resource [me/jaga/arcexl/kafka/dao/StockPriceDAOTestContext.groovy] does not exist
01:33:14.079 [Test worker] INFO org.springframework.test.context.support.AbstractContextLoader - Could not detect default resource locations for test class [me.jaga.arcexl.kafka.dao.StockPriceDAOTest]: no resource found for suffixes {-context.xml, Context.groovy}.
01:33:14.080 [Test worker] INFO org.springframework.test.context.support.AnnotationConfigContextLoaderUtils - Could not detect default configuration classes for test class [me.jaga.arcexl.kafka.dao.StockPriceDAOTest]: StockPriceDAOTest does not declare any static, non-private, non-final, nested classes annotated with @Configuration.
01:33:14.107 [Test worker] DEBUG org.springframework.test.context.support.ActiveProfilesUtils - Could not find an 'annotation declaring class' for annotation type [org.springframework.test.context.ActiveProfiles] and class [me.jaga.arcexl.kafka.dao.StockPriceDAOTest]
01:33:14.156 [Test worker] DEBUG org.springframework.context.annotation.ClassPathScanningCandidateComponentProvider - Identified candidate component class: file [/home/jaga/projects/arcexl-kafka/build/classes/java/main/me/jaga/arcexl/kafka/StockPriceApp.class]
01:33:14.156 [Test worker] INFO org.springframework.boot.test.context.SpringBootTestContextBootstrapper - Found @SpringBootConfiguration me.jaga.arcexl.kafka.StockPriceApp for test class me.jaga.arcexl.kafka.dao.StockPriceDAOTest
01:33:14.210 [Test worker] DEBUG org.springframework.boot.test.context.SpringBootTestContextBootstrapper - @TestExecutionListeners is not present for class [me.jaga.arcexl.kafka.dao.StockPriceDAOTest]: using defaults.
01:33:14.210 [Test worker] INFO org.springframework.boot.test.context.SpringBootTestContextBootstrapper - Loaded default TestExecutionListener class names from location [META-INF/spring.factories]: [org.springframework.boot.test.autoconfigure.restdocs.RestDocsTestExecutionListener, org.springframework.boot.test.autoconfigure.web.client.MockRestServiceServerResetTestExecutionListener, org.springframework.boot.test.autoconfigure.web.servlet.MockMvcPrintOnlyOnFailureTestExecutionListener, org.springframework.boot.test.autoconfigure.web.servlet.WebDriverTestExecutionListener, org.springframework.boot.test.mock.mockito.MockitoTestExecutionListener, org.springframework.boot.test.mock.mockito.ResetMocksTestExecutionListener, org.springframework.test.context.web.ServletTestExecutionListener, org.springframework.test.context.support.DirtiesContextBeforeModesTestExecutionListener, org.springframework.test.context.support.DependencyInjectionTestExecutionListener, org.springframework.test.context.support.DirtiesContextTestExecutionListener, org.springframework.test.context.transaction.TransactionalTestExecutionListener, org.springframework.test.context.jdbc.SqlScriptsTestExecutionListener, org.springframework.test.context.event.EventPublishingTestExecutionListener]
01:33:14.219 [Test worker] INFO org.springframework.boot.test.context.SpringBootTestContextBootstrapper - Using TestExecutionListeners: [org.springframework.test.context.web.ServletTestExecutionListener@bf525f4, org.springframework.test.context.support.DirtiesContextBeforeModesTestExecutionListener@b2cb8fb, org.springframework.boot.test.mock.mockito.MockitoTestExecutionListener@6e2094af, org.springframework.boot.test.autoconfigure.SpringBootDependencyInjectionTestExecutionListener@1e896305, org.springframework.test.context.support.DirtiesContextTestExecutionListener@3cf13fa5, org.springframework.test.context.transaction.TransactionalTestExecutionListener@52f4a3a0, org.springframework.test.context.jdbc.SqlScriptsTestExecutionListener@381bc0bd, org.springframework.test.context.event.EventPublishingTestExecutionListener@6ddf1df0, org.springframework.boot.test.autoconfigure.restdocs.RestDocsTestExecutionListener@58e60bf9, org.springframework.boot.test.autoconfigure.web.client.MockRestServiceServerResetTestExecutionListener@2ff84ae6, org.springframework.boot.test.autoconfigure.web.servlet.MockMvcPrintOnlyOnFailureTestExecutionListener@4900698c, org.springframework.boot.test.autoconfigure.web.servlet.WebDriverTestExecutionListener@5ca5cdc1, org.springframework.boot.test.mock.mockito.ResetMocksTestExecutionListener@3474ac6f]
01:33:14.221 [Test worker] DEBUG org.springframework.test.context.support.AbstractDirtiesContextTestExecutionListener - Before test class: context [DefaultTestContext@3fabaedd testClass = StockPriceDAOTest, testInstance = [null], testMethod = [null], testException = [null], mergedContextConfiguration = [WebMergedContextConfiguration@5e4832c3 testClass = StockPriceDAOTest, locations = '{}', classes = '{class me.jaga.arcexl.kafka.StockPriceApp}', contextInitializerClasses = '[]', activeProfiles = '{}', propertySourceLocations = '{}', propertySourceProperties = '{org.springframework.boot.test.context.SpringBootTestContextBootstrapper=true}', contextCustomizers = set[org.springframework.boot.test.autoconfigure.properties.PropertyMappingContextCustomizer@0, org.springframework.boot.test.autoconfigure.web.servlet.WebDriverContextCustomizerFactory$Customizer@5cdfa794, org.springframework.boot.test.context.filter.ExcludeFilterContextCustomizer@2a03c9e6, org.springframework.boot.test.json.DuplicateJsonObjectContextCustomizerFactory$DuplicateJsonObjectContextCustomizer@21404da0, org.springframework.boot.test.mock.mockito.MockitoContextCustomizer@0, org.springframework.boot.test.web.client.TestRestTemplateContextCustomizer@54932531], resourceBasePath = 'src/main/webapp', contextLoader = 'org.springframework.boot.test.context.SpringBootContextLoader', parent = [null]], attributes = map['org.springframework.test.context.web.ServletTestExecutionListener.activateListener' -> true]], class annotated with @DirtiesContext [false] with mode [null].
01:33:14.237 [Test worker] DEBUG org.springframework.test.context.support.TestPropertySourceUtils - Adding inlined properties to environment: {spring.jmx.enabled=false, org.springframework.boot.test.context.SpringBootTestContextBootstrapper=true, server.port=-1}

  .   ____          _            __ _ _
 /\\ / ___'_ __ _ _(_)_ __  __ _ \ \ \ \
( ( )\___ | '_ | '_| | '_ \/ _` | \ \ \ \
 \\/  ___)| |_)| | | | | || (_| |  ) ) ) )
  '  |____| .__|_| |_|_| |_\__, | / / / /
 =========|_|==============|___/=/_/_/_/
 :: Spring Boot ::        (v2.2.1.RELEASE)

2020-06-03 01:33:14.408  INFO 270681 --- [    Test worker] m.j.arcexl.kafka.dao.StockPriceDAOTest   : Starting StockPriceDAOTest on jaga-Lenovo-Legion-Y540-15IRH-PG0 with PID 270681 (started by jaga in /home/jaga/projects/arcexl-kafka)
2020-06-03 01:33:14.409  INFO 270681 --- [    Test worker] m.j.arcexl.kafka.dao.StockPriceDAOTest   : No active profile set, falling back to default profiles: default
2020-06-03 01:33:14.827  INFO 270681 --- [    Test worker] .s.d.r.c.RepositoryConfigurationDelegate : Bootstrapping Spring Data repositories in DEFAULT mode.
2020-06-03 01:33:14.845  INFO 270681 --- [    Test worker] .s.d.r.c.RepositoryConfigurationDelegate : Finished Spring Data repository scanning in 10ms. Found 0 repository interfaces.
2020-06-03 01:33:15.109  INFO 270681 --- [    Test worker] trationDelegate$BeanPostProcessorChecker : Bean 'org.springframework.transaction.annotation.ProxyTransactionManagementConfiguration' of type [org.springframework.transaction.annotation.ProxyTransactionManagementConfiguration] is not eligible for getting processed by all BeanPostProcessors (for example: not eligible for auto-proxying)
2020-06-03 01:33:15.201  INFO 270681 --- [    Test worker] com.zaxxer.hikari.HikariDataSource       : HikariPool-1 - Starting...
2020-06-03 01:33:15.249  INFO 270681 --- [    Test worker] com.zaxxer.hikari.HikariDataSource       : HikariPool-1 - Start completed.
2020-06-03 01:33:15.333  INFO 270681 --- [    Test worker] o.hibernate.jpa.internal.util.LogHelper  : HHH000204: Processing PersistenceUnitInfo [name: default]
2020-06-03 01:33:15.372  INFO 270681 --- [    Test worker] org.hibernate.Version                    : HHH000412: Hibernate Core {5.4.8.Final}
2020-06-03 01:33:15.482  INFO 270681 --- [    Test worker] o.hibernate.annotations.common.Version   : HCANN000001: Hibernate Commons Annotations {5.1.0.Final}
2020-06-03 01:33:15.550  INFO 270681 --- [    Test worker] org.hibernate.dialect.Dialect            : HHH000400: Using dialect: org.hibernate.dialect.PostgreSQL95Dialect
2020-06-03 01:33:15.679  INFO 270681 --- [    Test worker] org.hibernate.tuple.PojoInstantiator     : HHH000182: No default (no-argument) constructor for class: me.jaga.arcexl.kafka.domain.StockPrice (class must be instantiated by Interceptor)
2020-06-03 01:33:15.770  INFO 270681 --- [    Test worker] org.hibernate.tuple.PojoInstantiator     : HHH000182: No default (no-argument) constructor for class: me.jaga.arcexl.kafka.domain.StockPrice (class must be instantiated by Interceptor)
2020-06-03 01:33:15.919  INFO 270681 --- [    Test worker] o.h.e.t.j.p.i.JtaPlatformInitiator       : HHH000490: Using JtaPlatform implementation: [org.hibernate.engine.transaction.jta.platform.internal.NoJtaPlatform]
2020-06-03 01:33:15.924  INFO 270681 --- [    Test worker] j.LocalContainerEntityManagerFactoryBean : Initialized JPA EntityManagerFactory for persistence unit 'default'
2020-06-03 01:33:16.144  WARN 270681 --- [    Test worker] JpaBaseConfiguration$JpaWebConfiguration : spring.jpa.open-in-view is enabled by default. Therefore, database queries may be performed during view rendering. Explicitly configure spring.jpa.open-in-view to disable this warning
2020-06-03 01:33:16.313  INFO 270681 --- [    Test worker] o.s.s.concurrent.ThreadPoolTaskExecutor  : Initializing ExecutorService 'applicationTaskExecutor'
2020-06-03 01:33:16.529  INFO 270681 --- [    Test worker] m.j.arcexl.kafka.dao.StockPriceDAOTest   : Started StockPriceDAOTest in 2.286 seconds (JVM running for 3.055)
2020-06-03 01:33:16.581  INFO 270681 --- [    Test worker] o.s.t.c.transaction.TransactionContext   : Began transaction (1) for test context [DefaultTestContext@3fabaedd testClass = StockPriceDAOTest, testInstance = me.jaga.arcexl.kafka.dao.StockPriceDAOTest@5bc46740, testMethod = testSelect@StockPriceDAOTest, testException = [null], mergedContextConfiguration = [WebMergedContextConfiguration@5e4832c3 testClass = StockPriceDAOTest, locations = '{}', classes = '{class me.jaga.arcexl.kafka.StockPriceApp}', contextInitializerClasses = '[]', activeProfiles = '{}', propertySourceLocations = '{}', propertySourceProperties = '{org.springframework.boot.test.context.SpringBootTestContextBootstrapper=true}', contextCustomizers = set[org.springframework.boot.test.autoconfigure.properties.PropertyMappingContextCustomizer@0, org.springframework.boot.test.autoconfigure.web.servlet.WebDriverContextCustomizerFactory$Customizer@5cdfa794, org.springframework.boot.test.context.filter.ExcludeFilterContextCustomizer@2a03c9e6, org.springframework.boot.test.json.DuplicateJsonObjectContextCustomizerFactory$DuplicateJsonObjectContextCustomizer@21404da0, org.springframework.boot.test.mock.mockito.MockitoContextCustomizer@0, org.springframework.boot.test.web.client.TestRestTemplateContextCustomizer@54932531], resourceBasePath = 'src/main/webapp', contextLoader = 'org.springframework.boot.test.context.SpringBootContextLoader', parent = [null]], attributes = map['org.springframework.test.context.web.ServletTestExecutionListener.activateListener' -> true, 'org.springframework.test.context.web.ServletTestExecutionListener.populatedRequestContextHolder' -> true, 'org.springframework.test.context.web.ServletTestExecutionListener.resetRequestContextHolder' -> true]]; transaction manager [org.springframework.orm.jpa.JpaTransactionManager@234b9e41]; rollback [true]
me.jaga.arcexl.kafka.domain.StockPrice@ce64cb
2020-06-03 01:34:04.488  INFO 270681 --- [    Test worker] o.s.t.c.transaction.TransactionContext   : Rolled back transaction for test: [DefaultTestContext@3fabaedd testClass = StockPriceDAOTest, testInstance = me.jaga.arcexl.kafka.dao.StockPriceDAOTest@5bc46740, testMethod = testSelect@StockPriceDAOTest, testException = [null], mergedContextConfiguration = [WebMergedContextConfiguration@5e4832c3 testClass = StockPriceDAOTest, locations = '{}', classes = '{class me.jaga.arcexl.kafka.StockPriceApp}', contextInitializerClasses = '[]', activeProfiles = '{}', propertySourceLocations = '{}', propertySourceProperties = '{org.springframework.boot.test.context.SpringBootTestContextBootstrapper=true}', contextCustomizers = set[org.springframework.boot.test.autoconfigure.properties.PropertyMappingContextCustomizer@0, org.springframework.boot.test.autoconfigure.web.servlet.WebDriverContextCustomizerFactory$Customizer@5cdfa794, org.springframework.boot.test.context.filter.ExcludeFilterContextCustomizer@2a03c9e6, org.springframework.boot.test.json.DuplicateJsonObjectContextCustomizerFactory$DuplicateJsonObjectContextCustomizer@21404da0, org.springframework.boot.test.mock.mockito.MockitoContextCustomizer@0, org.springframework.boot.test.web.client.TestRestTemplateContextCustomizer@54932531], resourceBasePath = 'src/main/webapp', contextLoader = 'org.springframework.boot.test.context.SpringBootContextLoader', parent = [null]], attributes = map['org.springframework.test.context.web.ServletTestExecutionListener.activateListener' -> true, 'org.springframework.test.context.web.ServletTestExecutionListener.populatedRequestContextHolder' -> true, 'org.springframework.test.context.web.ServletTestExecutionListener.resetRequestContextHolder' -> true]]
]]></system-out>
  <system-err><![CDATA[]]></system-err>
</testsuite>
